
ROM used: 928 (23%)
          928 (23%) including unused fragments

          1 Average locations per line
          4 Average locations per statement

RAM used: 40 (21%) at main() level
          44 (23%) worst case

Stack used: 3 worst case (out of 8 total available)

Lines Stmts  %   Files
----- ----- ---  -----
  330   215 100  khoaso.c
   18     0   0  khoaso.h
  290     0   0  ..\..\..\..\..\Program Files (x86)\PICC\devices\16F873A.h
----- -----
  638   215 Total

Page ROM  %  RAM   Vol Diff  Functions:
---- --- --- ---   --- ----  ----------
0     19   2   1             @delay_ms1
0     22   2   1             @delay_us1
0     24   3   1   125  1.3  WrCmd_LCD
0     24   3   1   125  1.3  WrData_LCD
0     14   2   2    72  2.6  WrStr_LCD
0     59   6   0   404  1.4  Init_LCD
0     20   2   3   174  4.0  SetCursor_LCD
0     46   5   1   289  6.4  button
0     40   4   1   315  5.1  button_password
0     20   2   1   120  4.2  check_password
0     40   4   1   315  5.1  button_check
0     33   4   1   138  3.0  open
0     32   3   1   138  3.0  lock
0    394  42   1  3960  7.4  MAIN
0      4   0   0             @const94
0      8   1   1             @SPRINTF
0     70   8   3             @PSTRINGC7_96
0      5   1   0             @const100
0      4   0   0             @const101
0      7   1   0             @const102
0      7   1   0             @const105
0      5   1   0             @const106
0      7   1   0             @const107
0      4   0   0             @const108
0      7   1   0             @const109
0      9   1   0             @const110

Program metrics:
    Functions               12
    Statements              215
    Comments                74
    Volume (V)              8701
    Difficilty (D)          45.1
    Effort to implement (E) 392622
    Time to implement (T)   6 hours, 4 minutes
    Est Delivered Bugs (B)  2
    Cyclomatic Complexity   24
    Maintainability (MI)    57

 Segment     Used  Free
-----------  ----  ----
00000-00003     4  0  
00004-007FF   924  1120  
00800-00FFF     0  2048  



